<?xml version="1.0" encoding="UTF-8"?>
<testng-results ignored="0" total="3" passed="3" failed="0" skipped="0">
  <reporter-output>
  </reporter-output>
  <suite started-at="2022-05-16T13:15:21 IST" name="Default suite" finished-at="2022-05-16T13:16:07 IST" duration-ms="45754">
    <groups>
    </groups>
    <test started-at="2022-05-16T13:15:21 IST" name="Default test" finished-at="2022-05-16T13:16:07 IST" duration-ms="45754">
      <class name="tests.CalculatorTest">
        <test-method is-config="true" signature="openCalculator()[pri:0, instance:tests.CalculatorTest@49c7b90e]" started-at="2022-05-16T13:15:21 IST" name="openCalculator" finished-at="2022-05-16T13:16:02 IST" duration-ms="41587" status="PASS">
          <reporter-output>
          </reporter-output>
        </test-method> <!-- openCalculator -->
        <test-method signature="test_fillDataToCalculateBorrowAmount()[pri:0, instance:tests.CalculatorTest@49c7b90e]" started-at="2022-05-16T13:16:02 IST" name="test_fillDataToCalculateBorrowAmount" finished-at="2022-05-16T13:16:06 IST" duration-ms="3224" status="PASS">
          <reporter-output>
          </reporter-output>
        </test-method> <!-- test_fillDataToCalculateBorrowAmount -->
        <test-method signature="test_startOver()[pri:0, instance:tests.CalculatorTest@49c7b90e]" started-at="2022-05-16T13:16:06 IST" name="test_startOver" finished-at="2022-05-16T13:16:06 IST" duration-ms="367" status="PASS">
          <reporter-output>
          </reporter-output>
        </test-method> <!-- test_startOver -->
        <test-method signature="test_calculateOnlyWithLivingExpense()[pri:0, instance:tests.CalculatorTest@49c7b90e]" started-at="2022-05-16T13:16:06 IST" name="test_calculateOnlyWithLivingExpense" finished-at="2022-05-16T13:16:07 IST" depends-on-methods="tests.CalculatorTest.test_fillDataToCalculateBorrowAmount, tests.CalculatorTest.test_startOver" duration-ms="522" status="PASS">
          <reporter-output>
          </reporter-output>
        </test-method> <!-- test_calculateOnlyWithLivingExpense -->
      </class> <!-- tests.CalculatorTest -->
    </test> <!-- Default test -->
  </suite> <!-- Default suite -->
</testng-results>
