<?xml version="1.0" encoding="UTF-8"?>
<!-- Generated by org.testng.reporters.JUnitXMLReporter -->
<testsuite ignored="0" hostname="DESKTOP-BLPGMT3" failures="0" tests="3" name="Default test" time="29.86" errors="0" timestamp="2022-05-16T10:16:28 IST">
  <testcase classname="tests.CalculatorTest" name="test_fillDataToCalculateBorrowAmount" time="2.558"/>
  <testcase classname="tests.CalculatorTest" name="test_startOver" time="0.286"/>
  <testcase classname="tests.CalculatorTest" name="test_calculateOnlyWithLivingExpense" time="0.409"/>
</testsuite> <!-- Default test -->
