<?xml version="1.0" encoding="UTF-8"?>
<!-- Generated by org.testng.reporters.JUnitXMLReporter -->
<testsuite ignored="0" hostname="DESKTOP-BLPGMT3" failures="0" tests="3" name="Default test" time="43.201" errors="0" timestamp="2022-05-16T12:19:51 IST">
  <testcase classname="tests.CalculatorTest" name="test_fillDataToCalculateBorrowAmount" time="2.552"/>
  <testcase classname="tests.CalculatorTest" name="test_startOver" time="0.288"/>
  <testcase classname="tests.CalculatorTest" name="test_calculateOnlyWithLivingExpense" time="0.361"/>
</testsuite> <!-- Default test -->
