<?xml version="1.0" encoding="UTF-8"?>
<!-- Generated by org.testng.reporters.JUnitXMLReporter -->
<testsuite ignored="0" hostname="DESKTOP-BLPGMT3" failures="0" tests="3" name="Default test" time="45.754" errors="0" timestamp="2022-05-16T13:16:07 IST">
  <testcase classname="tests.CalculatorTest" name="test_fillDataToCalculateBorrowAmount" time="3.224"/>
  <testcase classname="tests.CalculatorTest" name="test_startOver" time="0.367"/>
  <testcase classname="tests.CalculatorTest" name="test_calculateOnlyWithLivingExpense" time="0.522"/>
</testsuite> <!-- Default test -->
