<?xml version="1.0" encoding="UTF-8"?>
<testng-results ignored="0" total="3" passed="3" failed="0" skipped="0">
  <reporter-output>
  </reporter-output>
  <suite started-at="2022-05-16T10:15:59 IST" name="Default suite" finished-at="2022-05-16T10:16:28 IST" duration-ms="29860">
    <groups>
    </groups>
    <test started-at="2022-05-16T10:15:59 IST" name="Default test" finished-at="2022-05-16T10:16:28 IST" duration-ms="29860">
      <class name="tests.CalculatorTest">
        <test-method is-config="true" signature="openCalculator()[pri:0, instance:tests.CalculatorTest@10d307f1]" started-at="2022-05-16T10:15:59 IST" name="openCalculator" finished-at="2022-05-16T10:16:25 IST" duration-ms="26548" status="PASS">
          <reporter-output>
          </reporter-output>
        </test-method> <!-- openCalculator -->
        <test-method signature="test_fillDataToCalculateBorrowAmount()[pri:0, instance:tests.CalculatorTest@10d307f1]" started-at="2022-05-16T10:16:25 IST" name="test_fillDataToCalculateBorrowAmount" finished-at="2022-05-16T10:16:28 IST" duration-ms="2558" status="PASS">
          <reporter-output>
          </reporter-output>
        </test-method> <!-- test_fillDataToCalculateBorrowAmount -->
        <test-method signature="test_startOver()[pri:0, instance:tests.CalculatorTest@10d307f1]" started-at="2022-05-16T10:16:28 IST" name="test_startOver" finished-at="2022-05-16T10:16:28 IST" duration-ms="286" status="PASS">
          <reporter-output>
          </reporter-output>
        </test-method> <!-- test_startOver -->
        <test-method signature="test_calculateOnlyWithLivingExpense()[pri:0, instance:tests.CalculatorTest@10d307f1]" started-at="2022-05-16T10:16:28 IST" name="test_calculateOnlyWithLivingExpense" finished-at="2022-05-16T10:16:28 IST" depends-on-methods="tests.CalculatorTest.test_fillDataToCalculateBorrowAmount, tests.CalculatorTest.test_startOver" duration-ms="409" status="PASS">
          <reporter-output>
          </reporter-output>
        </test-method> <!-- test_calculateOnlyWithLivingExpense -->
      </class> <!-- tests.CalculatorTest -->
    </test> <!-- Default test -->
  </suite> <!-- Default suite -->
</testng-results>
